<?xml version="1.0" encoding="UTF-8"?>
<!-- Generated by org.testng.reporters.JUnitReportReporter -->
<testsuite skipped="0" hostname="ip-172-31-14-40" name="test.TestCase1" tests="1" failures="0" timestamp="25 Feb 2021 04:17:01 GMT" time="4.487" errors="0">
  <testcase name="LoginTest" time="4.487" classname="test.TestCase1"/>
</testsuite> <!-- test.TestCase1 -->
