<?xml version="1.0" encoding="UTF-8"?>
<!-- Generated by org.testng.reporters.JUnitReportReporter -->
<testsuite skipped="0" hostname="ip-172-31-14-40" name="test.TestCase1" tests="1" failures="0" timestamp="24 Feb 2021 05:59:44 GMT" time="4.360" errors="0">
  <testcase name="LoginTest" time="4.360" classname="test.TestCase1"/>
</testsuite> <!-- test.TestCase1 -->
